Base path: '/Applications/Unity/Hub/Editor/2019.3.15f1/Unity.app/Contents', plugins path '/Applications/Unity/Hub/Editor/2019.3.15f1/PlaybackEngines'
Cmd: initializeCompiler
Cmd: compileComputeKernel
  api=14 insize=18731 outsize=9678 ok=1
Cmd: compileComputeKernel
  api=14 insize=18731 outsize=11282 ok=1
Cmd: translateComputeKernel
  api=14 insize=9505 outsize=16315 ok=1
Cmd: translateComputeKernel
  api=14 insize=9901 outsize=16818 ok=1
Cmd: translateComputeKernel
  api=14 insize=11742 outsize=25434 ok=1
Cmd: compileComputeKernel
  api=14 insize=1505 outsize=1199 ok=1
Cmd: compileComputeKernel
  api=14 insize=5032 outsize=5525 ok=1
Cmd: translateComputeKernel
  api=14 insize=7304 outsize=11321 ok=1
Cmd: compileComputeKernel
  api=14 insize=7960 outsize=2550 ok=1
Cmd: compileComputeKernel
  api=14 insize=7960 outsize=2649 ok=1
Cmd: compileComputeKernel
  api=14 insize=7960 outsize=3135 ok=1
Cmd: translateComputeKernel
  api=14 insize=2761 outsize=3011 ok=1
Cmd: translateComputeKernel
  api=14 insize=4178 outsize=6112 ok=1
Cmd: compileComputeKernel
  api=14 insize=9919 outsize=2923 ok=1
Cmd: compileComputeKernel
  api=14 insize=9919 outsize=2923 ok=1
Cmd: compileComputeKernel
  api=14 insize=9919 outsize=2952 ok=1
Cmd: compileComputeKernel
  api=14 insize=9919 outsize=3102 ok=1
Cmd: translateComputeKernel
  api=14 insize=2923 outsize=4344 ok=1
Cmd: translateComputeKernel
  api=14 insize=3363 outsize=5139 ok=1
Cmd: translateComputeKernel
  api=14 insize=2952 outsize=4387 ok=1
Cmd: translateComputeKernel
  api=14 insize=3102 outsize=4638 ok=1
Cmd: compileComputeKernel
  api=14 insize=6546 outsize=3091 ok=1
Cmd: compileComputeKernel
  api=14 insize=6546 outsize=3842 ok=1
Cmd: translateComputeKernel
  api=14 insize=3420 outsize=4983 ok=1
Cmd: translateComputeKernel
  api=14 insize=2806 outsize=3703 ok=1
Cmd: compileComputeKernel
  api=14 insize=3158 outsize=48832 ok=1
Cmd: compileComputeKernel
  api=14 insize=11176 outsize=11289 ok=1
Cmd: translateComputeKernel
  api=14 insize=10700 outsize=18699 ok=1
Cmd: compileComputeKernel
  api=14 insize=47665 outsize=12555 ok=1
Cmd: compileComputeKernel
  api=14 insize=47665 outsize=3064 ok=1
Cmd: compileComputeKernel
  api=14 insize=47665 outsize=3054 ok=1
Cmd: compileComputeKernel
  api=14 insize=47665 outsize=3130 ok=1
Cmd: compileComputeKernel
  api=14 insize=47665 outsize=3731 ok=1
Cmd: compileComputeKernel
  api=14 insize=47665 outsize=3727 ok=1
Cmd: compileComputeKernel
  api=14 insize=47665 outsize=3756 ok=1
Cmd: compileComputeKernel
  api=14 insize=47665 outsize=3906 ok=1
Cmd: compileComputeKernel
  api=14 insize=47665 outsize=3084 ok=1
Cmd: compileComputeKernel
  api=14 insize=47665 outsize=3753 ok=1
Cmd: compileComputeKernel
  api=14 insize=47665 outsize=3523 ok=1
Cmd: translateComputeKernel
  api=14 insize=12936 outsize=22615 ok=1
Cmd: translateComputeKernel
  api=14 insize=3883 outsize=4221 ok=1
Cmd: translateComputeKernel
  api=14 insize=3573 outsize=3675 ok=1
Cmd: translateComputeKernel
  api=14 insize=3740 outsize=3924 ok=1
Cmd: translateComputeKernel
  api=14 insize=3580 outsize=3695 ok=1
Cmd: translateComputeKernel
  api=14 insize=4169 outsize=5057 ok=1
Cmd: translateComputeKernel
  api=14 insize=4201 outsize=5103 ok=1
Cmd: translateComputeKernel
  api=14 insize=4199 outsize=5102 ok=1
Cmd: translateComputeKernel
  api=14 insize=3578 outsize=3682 ok=1
Cmd: translateComputeKernel
  api=14 insize=3593 outsize=3796 ok=1
Cmd: translateComputeKernel
  api=14 insize=4168 outsize=4861 ok=1
Cmd: translateComputeKernel
  api=14 insize=4807 outsize=6313 ok=1
Cmd: translateComputeKernel
  api=14 insize=865 outsize=805 ok=1
Cmd: compileComputeKernel
  api=14 insize=68835 outsize=8877 ok=1
Cmd: compileComputeKernel
  api=14 insize=68835 outsize=7284 ok=1
Cmd: translateComputeKernel
  api=14 insize=8733 outsize=16617 ok=1
Cmd: compileComputeKernel
  api=14 insize=3532 outsize=3205 ok=1
Cmd: compileComputeKernel
  api=14 insize=29386 outsize=2148 ok=1
Cmd: compileComputeKernel
  api=14 insize=29386 outsize=2058 ok=1
Cmd: compileComputeKernel
  api=14 insize=29386 outsize=2446 ok=1
Cmd: compileComputeKernel
  api=14 insize=29386 outsize=2286 ok=1
Cmd: compileComputeKernel
  api=14 insize=29386 outsize=2135 ok=1
Cmd: compileComputeKernel
  api=14 insize=29386 outsize=1345 ok=1
Cmd: compileComputeKernel
  api=14 insize=29386 outsize=2399 ok=1
Cmd: compileComputeKernel
  api=14 insize=29386 outsize=2077 ok=1
Cmd: compileComputeKernel
  api=14 insize=29386 outsize=1205 ok=1
Cmd: compileComputeKernel
  api=14 insize=29386 outsize=2135 ok=1
Cmd: compileComputeKernel
  api=14 insize=29386 outsize=2092 ok=1
Cmd: compileComputeKernel
  api=14 insize=29386 outsize=2663 ok=1
Cmd: compileComputeKernel
  api=14 insize=29386 outsize=2669 ok=1
Cmd: compileComputeKernel
  api=14 insize=29386 outsize=2918 ok=1
Cmd: compileComputeKernel
  api=14 insize=29386 outsize=2828 ok=1
Cmd: compileComputeKernel
  api=14 insize=29386 outsize=2754 ok=1
Cmd: compileComputeKernel
  api=14 insize=29386 outsize=2836 ok=1
Cmd: compileComputeKernel
  api=14 insize=29386 outsize=2707 ok=1
Cmd: compileComputeKernel
  api=14 insize=29386 outsize=2619 ok=1
Cmd: compileComputeKernel
  api=14 insize=29386 outsize=2655 ok=1
Cmd: compileComputeKernel
  api=14 insize=29386 outsize=2717 ok=1
Cmd: compileComputeKernel
  api=14 insize=29386 outsize=2758 ok=1
Cmd: translateComputeKernel
  api=14 insize=2308 outsize=2289 ok=1
Cmd: translateComputeKernel
  api=14 insize=1419 outsize=1449 ok=1
Cmd: translateComputeKernel
  api=14 insize=2342 outsize=2335 ok=1
Cmd: translateComputeKernel
  api=14 insize=2481 outsize=2494 ok=1
Cmd: translateComputeKernel
  api=14 insize=1572 outsize=1659 ok=1
Cmd: translateComputeKernel
  api=14 insize=1598 outsize=1648 ok=1
Cmd: translateComputeKernel
  api=14 insize=2456 outsize=2531 ok=1
Cmd: translateComputeKernel
  api=14 insize=1458 outsize=1512 ok=1
Cmd: translateComputeKernel
  api=14 insize=2332 outsize=2333 ok=1
Cmd: translateComputeKernel
  api=14 insize=2406 outsize=2453 ok=1
Cmd: translateComputeKernel
  api=14 insize=1481 outsize=1562 ok=1
Cmd: translateComputeKernel
  api=14 insize=2349 outsize=2355 ok=1
Cmd: translateComputeKernel
  api=14 insize=2761 outsize=3419 ok=1
Cmd: translateComputeKernel
  api=14 insize=3426 outsize=4556 ok=1
Cmd: translateComputeKernel
  api=14 insize=3052 outsize=3644 ok=1
Cmd: translateComputeKernel
  api=14 insize=2878 outsize=3560 ok=1
Cmd: translateComputeKernel
  api=14 insize=2852 outsize=3520 ok=1
Cmd: translateComputeKernel
  api=14 insize=2861 outsize=3375 ok=1
Cmd: translateComputeKernel
  api=14 insize=2843 outsize=3338 ok=1
Cmd: translateComputeKernel
  api=14 insize=2820 outsize=3477 ok=1
Cmd: translateComputeKernel
  api=14 insize=2793 outsize=3441 ok=1
Cmd: translateComputeKernel
  api=14 insize=2848 outsize=3514 ok=1
Cmd: translateComputeKernel
  api=14 insize=3150 outsize=3893 ok=1
Cmd: compileComputeKernel
  api=14 insize=31899 outsize=14464 ok=1
Cmd: translateComputeKernel
  api=14 insize=14464 outsize=29894 ok=1
Cmd: compileComputeKernel
  api=14 insize=4119 outsize=2913 ok=1
Cmd: translateComputeKernel
  api=14 insize=2757 outsize=3523 ok=1
Cmd: compileComputeKernel
  api=14 insize=1810 outsize=4325 ok=1
Cmd: compileSnippet
  api=14 type=1 insize=1554 outsize=6255 kw=UNITY_PASS_DEFERRED LIGHTPROBE_SH UNITY_HDR_ON INSTANCING_ON pd=UNITY_ENABLE_REFLECTION_BUFFERS UNITY_USE_DITHER_MASK_FOR_ALPHABLENDED_SHADOWS UNITY_PBS_USE_BRDF1 UNITY_SPECCUBE_BOX_PROJECTION UNITY_SPECCUBE_BLENDING UNITY_ENABLE_DETAIL_NORMALMAP SHADER_API_DESKTOP UNITY_COLORSPACE_GAMMA UNITY_LIGHT_PROBE_PROXY_VOLUME UNITY_LIGHTMAP_FULL_HDR ok=1
Cmd: compileSnippet
  api=14 type=1 insize=1554 outsize=5428 kw=UNITY_PASS_DEFERRED LIGHTPROBE_SH UNITY_HDR_ON pd=UNITY_ENABLE_REFLECTION_BUFFERS UNITY_USE_DITHER_MASK_FOR_ALPHABLENDED_SHADOWS UNITY_PBS_USE_BRDF1 UNITY_SPECCUBE_BOX_PROJECTION UNITY_SPECCUBE_BLENDING UNITY_ENABLE_DETAIL_NORMALMAP SHADER_API_DESKTOP UNITY_COLORSPACE_GAMMA UNITY_LIGHT_PROBE_PROXY_VOLUME UNITY_LIGHTMAP_FULL_HDR ok=1
Cmd: compileSnippet
  api=14 type=1 insize=1224 outsize=948 kw=UNITY_HDR_ON pd=UNITY_ENABLE_REFLECTION_BUFFERS UNITY_USE_DITHER_MASK_FOR_ALPHABLENDED_SHADOWS UNITY_PBS_USE_BRDF1 UNITY_SPECCUBE_BOX_PROJECTION UNITY_SPECCUBE_BLENDING UNITY_ENABLE_DETAIL_NORMALMAP SHADER_API_DESKTOP UNITY_COLORSPACE_GAMMA UNITY_LIGHT_PROBE_PROXY_VOLUME UNITY_LIGHTMAP_FULL_HDR ok=1
Cmd: compileSnippet
  api=14 type=0 insize=11846 outsize=2668 kw=SHADOWS_SPLIT_SPHERES pd=UNITY_ENABLE_REFLECTION_BUFFERS UNITY_USE_DITHER_MASK_FOR_ALPHABLENDED_SHADOWS UNITY_PBS_USE_BRDF1 UNITY_SPECCUBE_BOX_PROJECTION UNITY_SPECCUBE_BLENDING UNITY_ENABLE_DETAIL_NORMALMAP SHADER_API_DESKTOP UNITY_COLORSPACE_GAMMA UNITY_LIGHT_PROBE_PROXY_VOLUME UNITY_LIGHTMAP_FULL_HDR ok=1
Cmd: compileSnippet
  api=14 type=1 insize=2104 outsize=6808 kw=DIRECTIONAL SHADOWS_SCREEN UNITY_HDR_ON pd=UNITY_ENABLE_REFLECTION_BUFFERS UNITY_USE_DITHER_MASK_FOR_ALPHABLENDED_SHADOWS UNITY_PBS_USE_BRDF1 UNITY_SPECCUBE_BOX_PROJECTION UNITY_SPECCUBE_BLENDING UNITY_ENABLE_DETAIL_NORMALMAP SHADER_API_DESKTOP UNITY_COLORSPACE_GAMMA UNITY_LIGHT_PROBE_PROXY_VOLUME UNITY_LIGHTMAP_FULL_HDR ok=1
Cmd: compileSnippet
  api=14 type=1 insize=1402 outsize=1400 kw=UNITY_PASS_FORWARDBASE _EMISSION SOFTPARTICLES_ON _ALPHABLEND_ON pd=UNITY_ENABLE_REFLECTION_BUFFERS UNITY_USE_DITHER_MASK_FOR_ALPHABLENDED_SHADOWS UNITY_PBS_USE_BRDF1 UNITY_SPECCUBE_BOX_PROJECTION UNITY_SPECCUBE_BLENDING UNITY_ENABLE_DETAIL_NORMALMAP SHADER_API_DESKTOP UNITY_COLORSPACE_GAMMA UNITY_LIGHT_PROBE_PROXY_VOLUME UNITY_LIGHTMAP_FULL_HDR ok=1
Cmd: compileSnippet
  api=14 type=0 insize=11809 outsize=1107 kw=BLOOM_LOW COLOR_GRADING_LDR_2D pd=UNITY_ENABLE_REFLECTION_BUFFERS UNITY_USE_DITHER_MASK_FOR_ALPHABLENDED_SHADOWS UNITY_PBS_USE_BRDF1 UNITY_SPECCUBE_BOX_PROJECTION UNITY_SPECCUBE_BLENDING UNITY_ENABLE_DETAIL_NORMALMAP SHADER_API_DESKTOP UNITY_COLORSPACE_GAMMA UNITY_LIGHT_PROBE_PROXY_VOLUME UNITY_LIGHTMAP_FULL_HDR ok=1
Cmd: compileSnippet
  api=14 type=1 insize=4008 outsize=14022 kw=FXAA_LOW pd=UNITY_ENABLE_REFLECTION_BUFFERS UNITY_USE_DITHER_MASK_FOR_ALPHABLENDED_SHADOWS UNITY_PBS_USE_BRDF1 UNITY_SPECCUBE_BOX_PROJECTION UNITY_SPECCUBE_BLENDING UNITY_ENABLE_DETAIL_NORMALMAP SHADER_API_DESKTOP UNITY_COLORSPACE_GAMMA UNITY_LIGHT_PROBE_PROXY_VOLUME UNITY_LIGHTMAP_FULL_HDR ok=1
Cmd: compileSnippet
  api=14 type=1 insize=16577 outsize=1019 kw=_SUNDISK_NONE pd=UNITY_ENABLE_REFLECTION_BUFFERS UNITY_USE_DITHER_MASK_FOR_ALPHABLENDED_SHADOWS UNITY_PBS_USE_BRDF1 UNITY_SPECCUBE_BOX_PROJECTION UNITY_SPECCUBE_BLENDING UNITY_ENABLE_DETAIL_NORMALMAP SHADER_API_DESKTOP UNITY_COLORSPACE_GAMMA UNITY_LIGHT_PROBE_PROXY_VOLUME UNITY_LIGHTMAP_FULL_HDR ok=1
Unhandled exception: Protocol error - unexpected end of data (did the Editor crash?)

Quitting shader compiler process
